29.07.2016 2:52:57    Information    ################ Translate plugin cleaning up
29.07.2016 12:25:44    Information    ################ Translate plugin (Version: 3.1.1.0) initializing...
29.07.2016 12:25:44    Information    BEGIN -- migrateIfRequired
29.07.2016 12:25:44    Information    Installed version (3.1.1.0) 
29.07.2016 12:25:44    Information    END -- migrateIfRequired
29.07.2016 12:25:44    Information    OSVersion: Microsoft Windows NT 6.2.9200.0
29.07.2016 12:25:44    Information    Is64Bit: True
29.07.2016 12:25:44    Information    .NET (CLR) Version: 2.0.50727.8669
29.07.2016 12:25:44    Information    Default Language Info:
29.07.2016 12:25:44    Information     * Name: ru-RU
29.07.2016 12:25:44    Information     * Display Name: Русский (Россия)
29.07.2016 12:25:44    Information     * English Name: Russian (Russia)
29.07.2016 12:25:44    Information     * 2-letter ISO Name: ru
29.07.2016 12:25:44    Information     * 3-letter ISO Name: rus
29.07.2016 12:25:44    Information     * 3-letter Win32 API Name: RUS
29.07.2016 12:25:44    Information    Current Culture Info:
29.07.2016 12:25:44    Information     * Name: ru-RU
29.07.2016 12:25:44    Information     * Display Name: Русский (Россия)
29.07.2016 12:25:44    Information     * English Name: Russian (Russia)
29.07.2016 12:25:44    Information     * 2-letter ISO Name: ru
29.07.2016 12:25:44    Information     * 3-letter ISO Name: rus
29.07.2016 12:25:44    Information     * 3-letter Win32 API Name: RUS
