16.07.2016 22:57:23    Information    ################ Translate plugin (Version: 3.1.1.0) initializing...
16.07.2016 22:57:23    Information    BEGIN -- migrateIfRequired
16.07.2016 22:57:23    Information    Installed version (3.1.1.0) 
16.07.2016 22:57:23    Information    END -- migrateIfRequired
16.07.2016 22:57:23    Information    OSVersion: Microsoft Windows NT 6.1.7601 Service Pack 1
16.07.2016 22:57:23    Information    Is64Bit: True
16.07.2016 22:57:23    Information    .NET (CLR) Version: 2.0.50727.5472
16.07.2016 22:57:23    Information    Default Language Info:
16.07.2016 22:57:23    Information     * Name: ru-RU
16.07.2016 22:57:23    Information     * Display Name: Русский (Россия)
16.07.2016 22:57:23    Information     * English Name: Russian (Russia)
16.07.2016 22:57:23    Information     * 2-letter ISO Name: ru
16.07.2016 22:57:23    Information     * 3-letter ISO Name: rus
16.07.2016 22:57:23    Information     * 3-letter Win32 API Name: RUS
16.07.2016 22:57:23    Information    Current Culture Info:
16.07.2016 22:57:23    Information     * Name: ru-RU
16.07.2016 22:57:23    Information     * Display Name: Русский (Россия)
16.07.2016 22:57:23    Information     * English Name: Russian (Russia)
16.07.2016 22:57:23    Information     * 2-letter ISO Name: ru
16.07.2016 22:57:23    Information     * 3-letter ISO Name: rus
16.07.2016 22:57:23    Information     * 3-letter Win32 API Name: RUS
