04.04.2015 1:41:10    Information    ################ Translate plugin (Version: 3.1.1.0) initializing...
04.04.2015 1:41:10    Information    BEGIN -- migrateIfRequired
04.04.2015 1:41:10    Information    Installed version () 
04.04.2015 1:41:10    Information    END -- migrateIfRequired
04.04.2015 1:41:10    Information    OSVersion: Microsoft Windows NT 6.1.7601 Service Pack 1
04.04.2015 1:41:10    Information    Is64Bit: True
04.04.2015 1:41:10    Information    .NET (CLR) Version: 2.0.50727.5477
04.04.2015 1:41:10    Information    Default Language Info:
04.04.2015 1:41:10    Information     * Name: ru-RU
04.04.2015 1:41:10    Information     * Display Name: Русский (Россия)
04.04.2015 1:41:10    Information     * English Name: Russian (Russia)
04.04.2015 1:41:10    Information     * 2-letter ISO Name: ru
04.04.2015 1:41:10    Information     * 3-letter ISO Name: rus
04.04.2015 1:41:10    Information     * 3-letter Win32 API Name: RUS
04.04.2015 1:41:10    Information    Current Culture Info:
04.04.2015 1:41:10    Information     * Name: uk-UA
04.04.2015 1:41:10    Information     * Display Name: Украинский (Украина)
04.04.2015 1:41:10    Information     * English Name: Ukrainian (Ukraine)
04.04.2015 1:41:10    Information     * 2-letter ISO Name: uk
04.04.2015 1:41:10    Information     * 3-letter ISO Name: ukr
04.04.2015 1:41:10    Information     * 3-letter Win32 API Name: UKR
04.04.2015 1:41:37    Information    ################ Translate plugin cleaning up
04.04.2015 1:43:11    Information    ################ Translate plugin (Version: 3.1.1.0) initializing...
04.04.2015 1:43:11    Information    BEGIN -- migrateIfRequired
04.04.2015 1:43:11    Information    Installed version (3.1.1.0) 
04.04.2015 1:43:11    Information    END -- migrateIfRequired
04.04.2015 1:43:11    Information    OSVersion: Microsoft Windows NT 6.1.7601 Service Pack 1
04.04.2015 1:43:11    Information    Is64Bit: True
04.04.2015 1:43:11    Information    .NET (CLR) Version: 2.0.50727.5477
04.04.2015 1:43:11    Information    Default Language Info:
04.04.2015 1:43:11    Information     * Name: ru-RU
04.04.2015 1:43:11    Information     * Display Name: Русский (Россия)
04.04.2015 1:43:11    Information     * English Name: Russian (Russia)
04.04.2015 1:43:11    Information     * 2-letter ISO Name: ru
04.04.2015 1:43:11    Information     * 3-letter ISO Name: rus
04.04.2015 1:43:11    Information     * 3-letter Win32 API Name: RUS
04.04.2015 1:43:11    Information    Current Culture Info:
04.04.2015 1:43:11    Information     * Name: uk-UA
04.04.2015 1:43:11    Information     * Display Name: Украинский (Украина)
04.04.2015 1:43:11    Information     * English Name: Ukrainian (Ukraine)
04.04.2015 1:43:11    Information     * 2-letter ISO Name: uk
04.04.2015 1:43:11    Information     * 3-letter ISO Name: ukr
04.04.2015 1:43:11    Information     * 3-letter Win32 API Name: UKR
04.04.2015 1:45:53    Information    ################ Translate plugin cleaning up
04.04.2015 1:45:58    Information    ################ Translate plugin (Version: 3.1.1.0) initializing...
04.04.2015 1:45:58    Information    BEGIN -- migrateIfRequired
04.04.2015 1:45:58    Information    Installed version (3.1.1.0) 
04.04.2015 1:45:58    Information    END -- migrateIfRequired
04.04.2015 1:45:58    Information    OSVersion: Microsoft Windows NT 6.1.7601 Service Pack 1
04.04.2015 1:45:58    Information    Is64Bit: True
04.04.2015 1:45:58    Information    .NET (CLR) Version: 2.0.50727.5477
04.04.2015 1:45:58    Information    Default Language Info:
04.04.2015 1:45:58    Information     * Name: ru-RU
04.04.2015 1:45:58    Information     * Display Name: Русский (Россия)
04.04.2015 1:45:58    Information     * English Name: Russian (Russia)
04.04.2015 1:45:58    Information     * 2-letter ISO Name: ru
04.04.2015 1:45:58    Information     * 3-letter ISO Name: rus
04.04.2015 1:45:58    Information     * 3-letter Win32 API Name: RUS
04.04.2015 1:45:58    Information    Current Culture Info:
04.04.2015 1:45:58    Information     * Name: uk-UA
04.04.2015 1:45:58    Information     * Display Name: Украинский (Украина)
04.04.2015 1:45:58    Information     * English Name: Ukrainian (Ukraine)
04.04.2015 1:45:58    Information     * 2-letter ISO Name: uk
04.04.2015 1:45:58    Information     * 3-letter ISO Name: ukr
04.04.2015 1:45:58    Information     * 3-letter Win32 API Name: UKR
04.04.2015 1:46:11    Information    ################ Translate plugin cleaning up
04.04.2015 1:46:31    Information    ################ Translate plugin (Version: 3.1.1.0) initializing...
04.04.2015 1:46:31    Information    BEGIN -- migrateIfRequired
04.04.2015 1:46:31    Information    Installed version (3.1.1.0) 
04.04.2015 1:46:31    Information    END -- migrateIfRequired
04.04.2015 1:46:31    Information    OSVersion: Microsoft Windows NT 6.1.7601 Service Pack 1
04.04.2015 1:46:31    Information    Is64Bit: True
04.04.2015 1:46:31    Information    .NET (CLR) Version: 2.0.50727.5477
04.04.2015 1:46:31    Information    Default Language Info:
04.04.2015 1:46:31    Information     * Name: ru-RU
04.04.2015 1:46:31    Information     * Display Name: Русский (Россия)
04.04.2015 1:46:31    Information     * English Name: Russian (Russia)
04.04.2015 1:46:31    Information     * 2-letter ISO Name: ru
04.04.2015 1:46:31    Information     * 3-letter ISO Name: rus
04.04.2015 1:46:31    Information     * 3-letter Win32 API Name: RUS
04.04.2015 1:46:31    Information    Current Culture Info:
04.04.2015 1:46:31    Information     * Name: uk-UA
04.04.2015 1:46:31    Information     * Display Name: Украинский (Украина)
04.04.2015 1:46:31    Information     * English Name: Ukrainian (Ukraine)
04.04.2015 1:46:31    Information     * 2-letter ISO Name: uk
04.04.2015 1:46:31    Information     * 3-letter ISO Name: ukr
04.04.2015 1:46:31    Information     * 3-letter Win32 API Name: UKR
04.04.2015 1:46:50    Information    All languages empty in the model, trying to fetch..
04.04.2015 1:46:50    Information    Fetching languages...
04.04.2015 1:46:50    Information    Current Engine: nppTranslateCS.MyMemoryTranslateEngine
04.04.2015 1:46:58    Information    ################ Translate plugin cleaning up
04.04.2015 1:47:16    Information    ################ Translate plugin (Version: 3.1.1.0) initializing...
04.04.2015 1:47:16    Information    BEGIN -- migrateIfRequired
04.04.2015 1:47:16    Information    Installed version (3.1.1.0) 
04.04.2015 1:47:16    Information    END -- migrateIfRequired
04.04.2015 1:47:16    Information    OSVersion: Microsoft Windows NT 6.1.7601 Service Pack 1
04.04.2015 1:47:16    Information    Is64Bit: True
04.04.2015 1:47:16    Information    .NET (CLR) Version: 2.0.50727.5477
04.04.2015 1:47:16    Information    Default Language Info:
04.04.2015 1:47:16    Information     * Name: ru-RU
04.04.2015 1:47:16    Information     * Display Name: Русский (Россия)
04.04.2015 1:47:16    Information     * English Name: Russian (Russia)
04.04.2015 1:47:16    Information     * 2-letter ISO Name: ru
04.04.2015 1:47:16    Information     * 3-letter ISO Name: rus
04.04.2015 1:47:16    Information     * 3-letter Win32 API Name: RUS
04.04.2015 1:47:16    Information    Current Culture Info:
04.04.2015 1:47:16    Information     * Name: uk-UA
04.04.2015 1:47:16    Information     * Display Name: Украинский (Украина)
04.04.2015 1:47:16    Information     * English Name: Ukrainian (Ukraine)
04.04.2015 1:47:16    Information     * 2-letter ISO Name: uk
04.04.2015 1:47:16    Information     * 3-letter ISO Name: ukr
04.04.2015 1:47:16    Information     * 3-letter Win32 API Name: UKR
04.04.2015 1:47:18    Information    ################ Translate plugin cleaning up
04.04.2015 1:48:01    Information    ################ Translate plugin (Version: 3.1.1.0) initializing...
04.04.2015 1:48:01    Information    BEGIN -- migrateIfRequired
04.04.2015 1:48:01    Information    Installed version (3.1.1.0) 
04.04.2015 1:48:01    Information    END -- migrateIfRequired
04.04.2015 1:48:01    Information    OSVersion: Microsoft Windows NT 6.1.7601 Service Pack 1
04.04.2015 1:48:01    Information    Is64Bit: True
04.04.2015 1:48:01    Information    .NET (CLR) Version: 2.0.50727.5477
04.04.2015 1:48:01    Information    Default Language Info:
04.04.2015 1:48:01    Information     * Name: ru-RU
04.04.2015 1:48:01    Information     * Display Name: Русский (Россия)
04.04.2015 1:48:01    Information     * English Name: Russian (Russia)
04.04.2015 1:48:01    Information     * 2-letter ISO Name: ru
04.04.2015 1:48:01    Information     * 3-letter ISO Name: rus
04.04.2015 1:48:01    Information     * 3-letter Win32 API Name: RUS
04.04.2015 1:48:01    Information    Current Culture Info:
04.04.2015 1:48:01    Information     * Name: uk-UA
04.04.2015 1:48:01    Information     * Display Name: Украинский (Украина)
04.04.2015 1:48:01    Information     * English Name: Ukrainian (Ukraine)
04.04.2015 1:48:01    Information     * 2-letter ISO Name: uk
04.04.2015 1:48:01    Information     * 3-letter ISO Name: ukr
04.04.2015 1:48:01    Information     * 3-letter Win32 API Name: UKR
04.04.2015 1:48:03    Information    ################ Translate plugin cleaning up
04.04.2015 1:49:49    Information    ################ Translate plugin (Version: 3.1.1.0) initializing...
04.04.2015 1:49:49    Information    BEGIN -- migrateIfRequired
04.04.2015 1:49:49    Information    Installed version (3.1.1.0) 
04.04.2015 1:49:49    Information    END -- migrateIfRequired
04.04.2015 1:49:49    Information    OSVersion: Microsoft Windows NT 6.1.7601 Service Pack 1
04.04.2015 1:49:49    Information    Is64Bit: True
04.04.2015 1:49:49    Information    .NET (CLR) Version: 2.0.50727.5477
04.04.2015 1:49:49    Information    Default Language Info:
04.04.2015 1:49:49    Information     * Name: ru-RU
04.04.2015 1:49:49    Information     * Display Name: Русский (Россия)
04.04.2015 1:49:49    Information     * English Name: Russian (Russia)
04.04.2015 1:49:49    Information     * 2-letter ISO Name: ru
04.04.2015 1:49:49    Information     * 3-letter ISO Name: rus
04.04.2015 1:49:49    Information     * 3-letter Win32 API Name: RUS
04.04.2015 1:49:49    Information    Current Culture Info:
04.04.2015 1:49:49    Information     * Name: uk-UA
04.04.2015 1:49:49    Information     * Display Name: Украинский (Украина)
04.04.2015 1:49:49    Information     * English Name: Ukrainian (Ukraine)
04.04.2015 1:49:49    Information     * 2-letter ISO Name: uk
04.04.2015 1:49:49    Information     * 3-letter ISO Name: ukr
04.04.2015 1:49:49    Information     * 3-letter Win32 API Name: UKR
04.04.2015 1:49:51    Information    ################ Translate plugin cleaning up
04.04.2015 1:50:29    Information    ################ Translate plugin (Version: 3.1.1.0) initializing...
04.04.2015 1:50:29    Information    BEGIN -- migrateIfRequired
04.04.2015 1:50:29    Information    Installed version (3.1.1.0) 
04.04.2015 1:50:29    Information    END -- migrateIfRequired
04.04.2015 1:50:29    Information    OSVersion: Microsoft Windows NT 6.1.7601 Service Pack 1
04.04.2015 1:50:29    Information    Is64Bit: True
04.04.2015 1:50:29    Information    .NET (CLR) Version: 2.0.50727.5477
04.04.2015 1:50:29    Information    Default Language Info:
04.04.2015 1:50:29    Information     * Name: ru-RU
04.04.2015 1:50:29    Information     * Display Name: Русский (Россия)
04.04.2015 1:50:29    Information     * English Name: Russian (Russia)
04.04.2015 1:50:29    Information     * 2-letter ISO Name: ru
04.04.2015 1:50:29    Information     * 3-letter ISO Name: rus
04.04.2015 1:50:29    Information     * 3-letter Win32 API Name: RUS
04.04.2015 1:50:29    Information    Current Culture Info:
04.04.2015 1:50:29    Information     * Name: uk-UA
04.04.2015 1:50:29    Information     * Display Name: Украинский (Украина)
04.04.2015 1:50:29    Information     * English Name: Ukrainian (Ukraine)
04.04.2015 1:50:29    Information     * 2-letter ISO Name: uk
04.04.2015 1:50:29    Information     * 3-letter ISO Name: ukr
04.04.2015 1:50:29    Information     * 3-letter Win32 API Name: UKR
04.04.2015 1:51:03    Information    ################ Translate plugin cleaning up
