18.05.2016 21:49:08    Information    ################ Translate plugin (Version: 3.1.1.0) initializing...
18.05.2016 21:49:08    Information    BEGIN -- migrateIfRequired
18.05.2016 21:49:08    Information    Installed version (3.1.1.0) 
18.05.2016 21:49:08    Information    END -- migrateIfRequired
18.05.2016 21:49:08    Information    OSVersion: Microsoft Windows NT 6.1.7601 Service Pack 1
18.05.2016 21:49:08    Information    Is64Bit: True
18.05.2016 21:49:08    Information    .NET (CLR) Version: 2.0.50727.5472
18.05.2016 21:49:08    Information    Default Language Info:
18.05.2016 21:49:08    Information     * Name: ru-RU
18.05.2016 21:49:08    Information     * Display Name: Русский (Россия)
18.05.2016 21:49:08    Information     * English Name: Russian (Russia)
18.05.2016 21:49:08    Information     * 2-letter ISO Name: ru
18.05.2016 21:49:08    Information     * 3-letter ISO Name: rus
18.05.2016 21:49:08    Information     * 3-letter Win32 API Name: RUS
18.05.2016 21:49:08    Information    Current Culture Info:
18.05.2016 21:49:08    Information     * Name: ru-RU
18.05.2016 21:49:08    Information     * Display Name: Русский (Россия)
18.05.2016 21:49:08    Information     * English Name: Russian (Russia)
18.05.2016 21:49:08    Information     * 2-letter ISO Name: ru
18.05.2016 21:49:08    Information     * 3-letter ISO Name: rus
18.05.2016 21:49:08    Information     * 3-letter Win32 API Name: RUS
18.05.2016 22:01:17    Information    ################ Translate plugin cleaning up
18.05.2016 22:10:18    Information    ################ Translate plugin (Version: 3.1.1.0) initializing...
18.05.2016 22:10:18    Information    BEGIN -- migrateIfRequired
18.05.2016 22:10:18    Information    Installed version (3.1.1.0) 
18.05.2016 22:10:18    Information    END -- migrateIfRequired
18.05.2016 22:10:18    Information    OSVersion: Microsoft Windows NT 6.1.7601 Service Pack 1
18.05.2016 22:10:18    Information    Is64Bit: True
18.05.2016 22:10:18    Information    .NET (CLR) Version: 2.0.50727.5472
18.05.2016 22:10:18    Information    Default Language Info:
18.05.2016 22:10:18    Information     * Name: ru-RU
18.05.2016 22:10:18    Information     * Display Name: Русский (Россия)
18.05.2016 22:10:18    Information     * English Name: Russian (Russia)
18.05.2016 22:10:18    Information     * 2-letter ISO Name: ru
18.05.2016 22:10:18    Information     * 3-letter ISO Name: rus
18.05.2016 22:10:18    Information     * 3-letter Win32 API Name: RUS
18.05.2016 22:10:18    Information    Current Culture Info:
18.05.2016 22:10:18    Information     * Name: ru-RU
18.05.2016 22:10:18    Information     * Display Name: Русский (Россия)
18.05.2016 22:10:18    Information     * English Name: Russian (Russia)
18.05.2016 22:10:18    Information     * 2-letter ISO Name: ru
18.05.2016 22:10:18    Information     * 3-letter ISO Name: rus
18.05.2016 22:10:18    Information     * 3-letter Win32 API Name: RUS
