14.06.2016 23:31:37    Information    ################ Translate plugin (Version: 3.1.1.0) initializing...
14.06.2016 23:31:37    Information    BEGIN -- migrateIfRequired
14.06.2016 23:31:37    Information    Installed version (3.1.1.0) 
14.06.2016 23:31:37    Information    END -- migrateIfRequired
14.06.2016 23:31:38    Information    OSVersion: Microsoft Windows NT 6.1.7601 Service Pack 1
14.06.2016 23:31:38    Information    Is64Bit: True
14.06.2016 23:31:38    Information    .NET (CLR) Version: 2.0.50727.5472
14.06.2016 23:31:38    Information    Default Language Info:
14.06.2016 23:31:38    Information     * Name: ru-RU
14.06.2016 23:31:38    Information     * Display Name: Русский (Россия)
14.06.2016 23:31:38    Information     * English Name: Russian (Russia)
14.06.2016 23:31:38    Information     * 2-letter ISO Name: ru
14.06.2016 23:31:38    Information     * 3-letter ISO Name: rus
14.06.2016 23:31:38    Information     * 3-letter Win32 API Name: RUS
14.06.2016 23:31:38    Information    Current Culture Info:
14.06.2016 23:31:38    Information     * Name: ru-RU
14.06.2016 23:31:38    Information     * Display Name: Русский (Россия)
14.06.2016 23:31:38    Information     * English Name: Russian (Russia)
14.06.2016 23:31:38    Information     * 2-letter ISO Name: ru
14.06.2016 23:31:38    Information     * 3-letter ISO Name: rus
14.06.2016 23:31:38    Information     * 3-letter Win32 API Name: RUS
