18.12.2016 18:22:36    Information    ################ Translate plugin (Version: 3.1.1.0) initializing...
18.12.2016 18:22:36    Information    BEGIN -- migrateIfRequired
18.12.2016 18:22:36    Information    Installed version (3.1.1.0) 
18.12.2016 18:22:36    Information    END -- migrateIfRequired
18.12.2016 18:22:36    Information    OSVersion: Microsoft Windows NT 6.2.9200.0
18.12.2016 18:22:36    Information    Is64Bit: True
18.12.2016 18:22:36    Information    .NET (CLR) Version: 2.0.50727.8745
18.12.2016 18:22:36    Information    Default Language Info:
18.12.2016 18:22:36    Information     * Name: ru-RU
18.12.2016 18:22:36    Information     * Display Name: Русский (Россия)
18.12.2016 18:22:36    Information     * English Name: Russian (Russia)
18.12.2016 18:22:36    Information     * 2-letter ISO Name: ru
18.12.2016 18:22:36    Information     * 3-letter ISO Name: rus
18.12.2016 18:22:36    Information     * 3-letter Win32 API Name: RUS
18.12.2016 18:22:36    Information    Current Culture Info:
18.12.2016 18:22:36    Information     * Name: ru-RU
18.12.2016 18:22:36    Information     * Display Name: Русский (Россия)
18.12.2016 18:22:36    Information     * English Name: Russian (Russia)
18.12.2016 18:22:36    Information     * 2-letter ISO Name: ru
18.12.2016 18:22:36    Information     * 3-letter ISO Name: rus
18.12.2016 18:22:36    Information     * 3-letter Win32 API Name: RUS
18.12.2016 18:23:11    Information    ################ Translate plugin cleaning up
