28.07.2016 14:41:51    Information    ################ Translate plugin (Version: 3.1.1.0) initializing...
28.07.2016 14:41:51    Information    BEGIN -- migrateIfRequired
28.07.2016 14:41:51    Information    Installed version (3.1.1.0) 
28.07.2016 14:41:51    Information    END -- migrateIfRequired
28.07.2016 14:41:51    Information    OSVersion: Microsoft Windows NT 6.2.9200.0
28.07.2016 14:41:51    Information    Is64Bit: True
28.07.2016 14:41:51    Information    .NET (CLR) Version: 2.0.50727.8662
28.07.2016 14:41:51    Information    Default Language Info:
28.07.2016 14:41:51    Information     * Name: ru-RU
28.07.2016 14:41:51    Information     * Display Name: Русский (Россия)
28.07.2016 14:41:51    Information     * English Name: Russian (Russia)
28.07.2016 14:41:51    Information     * 2-letter ISO Name: ru
28.07.2016 14:41:51    Information     * 3-letter ISO Name: rus
28.07.2016 14:41:51    Information     * 3-letter Win32 API Name: RUS
28.07.2016 14:41:51    Information    Current Culture Info:
28.07.2016 14:41:51    Information     * Name: ru-RU
28.07.2016 14:41:51    Information     * Display Name: Русский (Россия)
28.07.2016 14:41:51    Information     * English Name: Russian (Russia)
28.07.2016 14:41:51    Information     * 2-letter ISO Name: ru
28.07.2016 14:41:51    Information     * 3-letter ISO Name: rus
28.07.2016 14:41:51    Information     * 3-letter Win32 API Name: RUS
28.07.2016 14:42:50    Information    ################ Translate plugin cleaning up
28.07.2016 14:42:56    Information    ################ Translate plugin (Version: 3.1.1.0) initializing...
28.07.2016 14:42:56    Information    BEGIN -- migrateIfRequired
28.07.2016 14:42:56    Information    Installed version (3.1.1.0) 
28.07.2016 14:42:56    Information    END -- migrateIfRequired
28.07.2016 14:42:56    Information    OSVersion: Microsoft Windows NT 6.2.9200.0
28.07.2016 14:42:56    Information    Is64Bit: True
28.07.2016 14:42:56    Information    .NET (CLR) Version: 2.0.50727.8662
28.07.2016 14:42:56    Information    Default Language Info:
28.07.2016 14:42:56    Information     * Name: ru-RU
28.07.2016 14:42:56    Information     * Display Name: Русский (Россия)
28.07.2016 14:42:56    Information     * English Name: Russian (Russia)
28.07.2016 14:42:56    Information     * 2-letter ISO Name: ru
28.07.2016 14:42:56    Information     * 3-letter ISO Name: rus
28.07.2016 14:42:56    Information     * 3-letter Win32 API Name: RUS
28.07.2016 14:42:56    Information    Current Culture Info:
28.07.2016 14:42:56    Information     * Name: ru-RU
28.07.2016 14:42:56    Information     * Display Name: Русский (Россия)
28.07.2016 14:42:56    Information     * English Name: Russian (Russia)
28.07.2016 14:42:56    Information     * 2-letter ISO Name: ru
28.07.2016 14:42:56    Information     * 3-letter ISO Name: rus
28.07.2016 14:42:56    Information     * 3-letter Win32 API Name: RUS
